# JRE version: Java(TM) SE Runtime Environment (8.0_77-b03) (build 1.8.0_77-b03)
# Java VM: Java HotSpot(TM) 64-Bit Server VM (25.77-b03 mixed mode linux-amd64 compressed oops)
Heap:
 PSYoungGen      total 190464K, used 55465K [0x00000000f0000000, 0x0000000100000000, 0x0000000100000000)
  eden space 179200K, 24% used [0x00000000f0000000,0x00000000f2b308b0,0x00000000faf00000)
  from space 11264K, 99% used [0x00000000ff280000,0x00000000ffd79c30,0x00000000ffd80000)
  to   space 41472K, 0% used [0x00000000faf00000,0x00000000faf00000,0x00000000fd780000)
 ParOldGen       total 161280K, used 62926K [0x00000000d0000000, 0x00000000d9d80000, 0x00000000f0000000)
  object space 161280K, 39% used [0x00000000d0000000,0x00000000d3d73830,0x00000000d9d80000)
 Metaspace       used 54080K, capacity 54346K, committed 54656K, reserved 1093632K
  class space    used 10186K, capacity 10262K, committed 10368K, reserved 1048576K
GC Heap History (10 events):
Event: 2.877 GC heap before
{Heap before GC invocations=4 (full 1):
 PSYoungGen      total 130560K, used 120832K [0x00000000f0000000, 0x00000000f8900000, 0x0000000100000000)
  eden space 120832K, 100% used [0x00000000f0000000,0x00000000f7600000,0x00000000f7600000)
  from space 9728K, 0% used [0x00000000f7f80000,0x00000000f7f80000,0x00000000f8900000)
  to   space 9728K, 0% used [0x00000000f7600000,0x00000000f7600000,0x00000000f7f80000)
 ParOldGen       total 103424K, used 7586K [0x00000000d0000000, 0x00000000d6500000, 0x00000000f0000000)
  object space 103424K, 7% used [0x00000000d0000000,0x00000000d0768a00,0x00000000d6500000)
 Metaspace       used 28968K, capacity 29210K, committed 29568K, reserved 1073152K
  class space    used 5575K, capacity 5636K, committed 5760K, reserved 1048576K
Event: 2.891 GC heap after
Heap after GC invocations=4 (full 1):
 PSYoungGen      total 130560K, used 9344K [0x00000000f0000000, 0x00000000fb800000, 0x0000000100000000)
  eden space 120832K, 0% used [0x00000000f0000000,0x00000000f0000000,0x00000000f7600000)
  from space 9728K, 96% used [0x00000000f7600000,0x00000000f7f200c0,0x00000000f7f80000)
  to   space 9728K, 0% used [0x00000000fae80000,0x00000000fae80000,0x00000000fb800000)
 ParOldGen       total 103424K, used 7594K [0x00000000d0000000, 0x00000000d6500000, 0x00000000f0000000)
  object space 103424K, 7% used [0x00000000d0000000,0x00000000d076aa00,0x00000000d6500000)
 Metaspace       used 28968K, capacity 29210K, committed 29568K, reserved 1073152K
  class space    used 5575K, capacity 5636K, committed 5760K, reserved 1048576K
}
Event: 3.397 GC heap before
{Heap before GC invocations=5 (full 1):
 PSYoungGen      total 130560K, used 44730K [0x00000000f0000000, 0x00000000fb800000, 0x0000000100000000)
  eden space 120832K, 29% used [0x00000000f0000000,0x00000000f228e798,0x00000000f7600000)
  from space 9728K, 96% used [0x00000000f7600000,0x00000000f7f200c0,0x00000000f7f80000)
  to   space 9728K, 0% used [0x00000000fae80000,0x00000000fae80000,0x00000000fb800000)
 ParOldGen       total 103424K, used 7594K [0x00000000d0000000, 0x00000000d6500000, 0x00000000f0000000)
  object space 103424K, 7% used [0x00000000d0000000,0x00000000d076aa00,0x00000000d6500000)
 Metaspace       used 35006K, capacity 35226K, committed 35456K, reserved 1077248K
  class space    used 6607K, capacity 6660K, committed 6784K, reserved 1048576K
Event: 3.410 GC heap after
Heap after GC invocations=5 (full 1):
 PSYoungGen      total 178688K, used 8305K [0x00000000f0000000, 0x00000000fbc00000, 0x0000000100000000)
  eden space 168960K, 0% used [0x00000000f0000000,0x00000000f0000000,0x00000000fa500000)
  from space 9728K, 85% used [0x00000000fae80000,0x00000000fb69c738,0x00000000fb800000)
  to   space 9728K, 0% used [0x00000000fa500000,0x00000000fa500000,0x00000000fae80000)
 ParOldGen       total 103424K, used 7602K [0x00000000d0000000, 0x00000000d6500000, 0x00000000f0000000)
  object space 103424K, 7% used [0x00000000d0000000,0x00000000d076ca00,0x00000000d6500000)
 Metaspace       used 35006K, capacity 35226K, committed 35456K, reserved 1077248K
  class space    used 6607K, capacity 6660K, committed 6784K, reserved 1048576K
}
Event: 3.410 GC heap before
{Heap before GC invocations=6 (full 2):
 PSYoungGen      total 178688K, used 8305K [0x00000000f0000000, 0x00000000fbc00000, 0x0000000100000000)
  eden space 168960K, 0% used [0x00000000f0000000,0x00000000f0000000,0x00000000fa500000)
  from space 9728K, 85% used [0x00000000fae80000,0x00000000fb69c738,0x00000000fb800000)
  to   space 9728K, 0% used [0x00000000fa500000,0x00000000fa500000,0x00000000fae80000)
 ParOldGen       total 103424K, used 7602K [0x00000000d0000000, 0x00000000d6500000, 0x00000000f0000000)
  object space 103424K, 7% used [0x00000000d0000000,0x00000000d076ca00,0x00000000d6500000)
 Metaspace       used 35006K, capacity 35226K, committed 35456K, reserved 1077248K
  class space    used 6607K, capacity 6660K, committed 6784K, reserved 1048576K
Event: 3.451 GC heap after
Heap after GC invocations=6 (full 2):
 PSYoungGen      total 178688K, used 0K [0x00000000f0000000, 0x00000000fbc00000, 0x0000000100000000)
  eden space 168960K, 0% used [0x00000000f0000000,0x00000000f0000000,0x00000000fa500000)
  from space 9728K, 0% used [0x00000000fae80000,0x00000000fae80000,0x00000000fb800000)
  to   space 9728K, 0% used [0x00000000fa500000,0x00000000fa500000,0x00000000fae80000)
 ParOldGen       total 161280K, used 11635K [0x00000000d0000000, 0x00000000d9d80000, 0x00000000f0000000)
  object space 161280K, 7% used [0x00000000d0000000,0x00000000d0b5ce08,0x00000000d9d80000)
 Metaspace       used 35006K, capacity 35226K, committed 35456K, reserved 1077248K
  class space    used 6607K, capacity 6660K, committed 6784K, reserved 1048576K
}
Event: 4.792 GC heap before
{Heap before GC invocations=7 (full 2):
 PSYoungGen      total 178688K, used 168960K [0x00000000f0000000, 0x00000000fbc00000, 0x0000000100000000)
  eden space 168960K, 100% used [0x00000000f0000000,0x00000000fa500000,0x00000000fa500000)
  from space 9728K, 0% used [0x00000000fae80000,0x00000000fae80000,0x00000000fb800000)
  to   space 9728K, 0% used [0x00000000fa500000,0x00000000fa500000,0x00000000fae80000)
 ParOldGen       total 161280K, used 11635K [0x00000000d0000000, 0x00000000d9d80000, 0x00000000f0000000)
  object space 161280K, 7% used [0x00000000d0000000,0x00000000d0b5ce08,0x00000000d9d80000)
 Metaspace       used 37186K, capacity 37414K, committed 37760K, reserved 1079296K
  class space    used 6886K, capacity 6918K, committed 7040K, reserved 1048576K
Event: 4.803 GC heap after
Heap after GC invocations=7 (full 2):
 PSYoungGen      total 178688K, used 6322K [0x00000000f0000000, 0x00000000ffd80000, 0x0000000100000000)
  eden space 168960K, 0% used [0x00000000f0000000,0x00000000f0000000,0x00000000fa500000)
  from space 9728K, 64% used [0x00000000fa500000,0x00000000fab2c908,0x00000000fae80000)
  to   space 11264K, 0% used [0x00000000ff280000,0x00000000ff280000,0x00000000ffd80000)
 ParOldGen       total 161280K, used 11643K [0x00000000d0000000, 0x00000000d9d80000, 0x00000000f0000000)
  object space 161280K, 7% used [0x00000000d0000000,0x00000000d0b5ee08,0x00000000d9d80000)
 Metaspace       used 37186K, capacity 37414K, committed 37760K, reserved 1079296K
  class space    used 6886K, capacity 6918K, committed 7040K, reserved 1048576K
}
Event: 7.201 GC heap before
{Heap before GC invocations=8 (full 2):
 PSYoungGen      total 178688K, used 175282K [0x00000000f0000000, 0x00000000ffd80000, 0x0000000100000000)
  eden space 168960K, 100% used [0x00000000f0000000,0x00000000fa500000,0x00000000fa500000)
  from space 9728K, 64% used [0x00000000fa500000,0x00000000fab2c908,0x00000000fae80000)
  to   space 11264K, 0% used [0x00000000ff280000,0x00000000ff280000,0x00000000ffd80000)
 ParOldGen       total 161280K, used 11643K [0x00000000d0000000, 0x00000000d9d80000, 0x00000000f0000000)
  object space 161280K, 7% used [0x00000000d0000000,0x00000000d0b5ee08,0x00000000d9d80000)
 Metaspace       used 51081K, capacity 51314K, committed 51712K, reserved 1091584K
  class space    used 9559K, capacity 9614K, committed 9728K, reserved 1048576K
Event: 7.295 GC heap after
Heap after GC invocations=8 (full 2):
 PSYoungGen      total 190464K, used 11239K [0x00000000f0000000, 0x0000000100000000, 0x0000000100000000)
  eden space 179200K, 0% used [0x00000000f0000000,0x00000000f0000000,0x00000000faf00000)
  from space 11264K, 99% used [0x00000000ff280000,0x00000000ffd79c30,0x00000000ffd80000)
  to   space 41472K, 0% used [0x00000000faf00000,0x00000000faf00000,0x00000000fd780000)
 ParOldGen       total 161280K, used 62926K [0x00000000d0000000, 0x00000000d9d80000, 0x00000000f0000000)
  object space 161280K, 39% used [0x00000000d0000000,0x00000000d3d73830,0x00000000d9d80000)
 Metaspace       used 51081K, capacity 51314K, committed 51712K, reserved 1091584K
  class space    used 9559K, capacity 9614K, committed 9728K, reserved 1048576K
}

